This file contains any messages produced by compilers while
running configure, to aid debugging if configure makes a mistake.

It was created by vktor configure 0.1, which was
generated by GNU Autoconf 2.63.  Invocation command line was

  $ ./configure 

## --------- ##
## Platform. ##
## --------- ##

hostname = wintergreen
uname -m = i686
uname -r = 2.6.29-gentoo
uname -s = Linux
uname -v = #2 PREEMPT Wed Apr 1 10:58:42 IDT 2009

/usr/bin/uname -p = Intel(R) Pentium(R) M processor 1.86GHz
/bin/uname -X     = unknown

/bin/arch              = unknown
/usr/bin/arch -k       = unknown
/usr/convex/getsysinfo = unknown
/usr/bin/hostinfo      = unknown
/bin/machine           = unknown
/usr/bin/oslevel       = unknown
/bin/universe          = unknown

PATH: /usr/local/bin
PATH: /usr/bin
PATH: /bin
PATH: /opt/bin
PATH: /usr/i686-pc-linux-gnu/gcc-bin/4.3.3
PATH: /opt/blackdown-jdk-1.4.2.03/bin
PATH: /opt/blackdown-jdk-1.4.2.03/jre/bin
PATH: /usr/qt/3/bin
PATH: /usr/games/bin
PATH: /opt/vmware/player/bin


## ----------- ##
## Core tests. ##
## ----------- ##

configure:2069: checking for a BSD-compatible install
configure:2137: result: /usr/bin/install -c
configure:2148: checking whether build environment is sane
configure:2191: result: yes
configure:2216: checking for a thread-safe mkdir -p
configure:2255: result: /bin/mkdir -p
configure:2268: checking for gawk
configure:2284: found /usr/bin/gawk
configure:2295: result: gawk
configure:2306: checking whether make sets $(MAKE)
configure:2328: result: yes
configure:2562: checking for gcc
configure:2578: found /usr/bin/gcc
configure:2589: result: gcc
configure:2821: checking for C compiler version
configure:2829: gcc --version >&5
gcc (Gentoo 4.3.3-r2 p1.1, pie-10.1.5) 4.3.3
Copyright (C) 2008 Free Software Foundation, Inc.
This is free software; see the source for copying conditions.  There is NO
warranty; not even for MERCHANTABILITY or FITNESS FOR A PARTICULAR PURPOSE.

configure:2833: $? = 0
configure:2840: gcc -v >&5
Using built-in specs.
Target: i686-pc-linux-gnu
Configured with: /var/tmp/portage/sys-devel/gcc-4.3.3-r2/work/gcc-4.3.3/configure --prefix=/usr --bindir=/usr/i686-pc-linux-gnu/gcc-bin/4.3.3 --includedir=/usr/lib/gcc/i686-pc-linux-gnu/4.3.3/include --datadir=/usr/share/gcc-data/i686-pc-linux-gnu/4.3.3 --mandir=/usr/share/gcc-data/i686-pc-linux-gnu/4.3.3/man --infodir=/usr/share/gcc-data/i686-pc-linux-gnu/4.3.3/info --with-gxx-include-dir=/usr/lib/gcc/i686-pc-linux-gnu/4.3.3/include/g++-v4 --host=i686-pc-linux-gnu --build=i686-pc-linux-gnu --disable-altivec --disable-fixed-point --enable-nls --without-included-gettext --with-system-zlib --disable-checking --disable-werror --enable-secureplt --disable-multilib --enable-libmudflap --disable-libssp --enable-libgomp --enable-cld --enable-java-awt=gtk --with-arch=i686 --enable-languages=c,c++,java,treelang,fortran --enable-shared --enable-threads=posix --enable-__cxa_atexit --enable-clocale=gnu --with-bugurl=http://bugs.gentoo.org/ --with-pkgversion='Gentoo 4.3.3-r2 p1.1, pie-10.1.5'
Thread model: posix
gcc version 4.3.3 (Gentoo 4.3.3-r2 p1.1, pie-10.1.5) 
configure:2844: $? = 0
configure:2851: gcc -V >&5
gcc: '-V' option must have argument
configure:2855: $? = 1
configure:2878: checking for C compiler default output file name
configure:2900: gcc    conftest.c  >&5
configure:2904: $? = 0
configure:2942: result: a.out
configure:2961: checking whether the C compiler works
configure:2971: ./a.out
configure:2975: $? = 0
configure:2994: result: yes
configure:3001: checking whether we are cross compiling
configure:3003: result: no
configure:3006: checking for suffix of executables
configure:3013: gcc -o conftest    conftest.c  >&5
configure:3017: $? = 0
configure:3043: result: 
configure:3049: checking for suffix of object files
configure:3075: gcc -c   conftest.c >&5
configure:3079: $? = 0
configure:3104: result: o
configure:3108: checking whether we are using the GNU C compiler
configure:3137: gcc -c   conftest.c >&5
configure:3144: $? = 0
configure:3161: result: yes
configure:3170: checking whether gcc accepts -g
configure:3200: gcc -c -g  conftest.c >&5
configure:3207: $? = 0
configure:3308: result: yes
configure:3325: checking for gcc option to accept ISO C89
configure:3399: gcc  -c -g -O2  conftest.c >&5
configure:3406: $? = 0
configure:3429: result: none needed
configure:3458: checking for style of include used by make
configure:3486: result: GNU
configure:3511: checking dependency style of gcc
configure:3602: result: gcc3
configure:3631: checking for a BSD-compatible install
configure:3699: result: /usr/bin/install -c
configure:3741: checking build system type
configure:3759: result: i686-pc-linux-gnu
configure:3781: checking host system type
configure:3796: result: i686-pc-linux-gnu
configure:3818: checking for a sed that does not truncate output
configure:3884: result: /usr/bin/sed
configure:3902: checking for grep that handles long lines and -e
configure:3962: result: /bin/grep
configure:3967: checking for egrep
configure:4031: result: /bin/grep -E
configure:4036: checking for fgrep
configure:4100: result: /bin/grep -F
configure:4135: checking for ld used by gcc
configure:4202: result: /usr/i686-pc-linux-gnu/bin/ld
configure:4211: checking if the linker (/usr/i686-pc-linux-gnu/bin/ld) is GNU ld
configure:4226: result: yes
configure:4238: checking for BSD- or MS-compatible name lister (nm)
configure:4287: result: /usr/bin/nm -B
configure:4405: checking the name lister (/usr/bin/nm -B) interface
configure:4412: gcc -c -g -O2  conftest.c >&5
configure:4415: /usr/bin/nm -B "conftest.o"
configure:4418: output
00000000 B some_variable
configure:4425: result: BSD nm
configure:4428: checking whether ln -s works
configure:4432: result: yes
configure:4440: checking the maximum length of command line arguments
configure:4560: result: 1572864
configure:4577: checking whether the shell understands some XSI constructs
configure:4587: result: yes
configure:4591: checking whether the shell understands "+="
configure:4597: result: yes
configure:4632: checking for /usr/i686-pc-linux-gnu/bin/ld option to reload object files
configure:4639: result: -r
configure:4708: checking for objdump
configure:4724: found /usr/bin/objdump
configure:4735: result: objdump
configure:4767: checking how to recognize dependent libraries
configure:4963: result: pass_all
configure:5023: checking for ar
configure:5039: found /usr/bin/ar
configure:5050: result: ar
configure:5128: checking for strip
configure:5144: found /usr/bin/strip
configure:5155: result: strip
configure:5227: checking for ranlib
configure:5243: found /usr/bin/ranlib
configure:5254: result: ranlib
configure:5344: checking command to parse /usr/bin/nm -B output from gcc object
configure:5462: gcc -c -g -O2  conftest.c >&5
configure:5465: $? = 0
configure:5469: /usr/bin/nm -B conftest.o \| sed -n -e 's/^.*[	 ]\([ABCDGIRSTW][ABCDGIRSTW]*\)[	 ][	 ]*\([_A-Za-z][_A-Za-z0-9]*\)$/\1 \2 \2/p' \> conftest.nm
configure:5472: $? = 0
configure:5526: gcc -o conftest -g -O2   conftest.c conftstm.o >&5
configure:5529: $? = 0
configure:5567: result: ok
configure:6434: checking how to run the C preprocessor
configure:6474: gcc -E  conftest.c
configure:6481: $? = 0
configure:6512: gcc -E  conftest.c
conftest.c:10:28: error: ac_nonexistent.h: No such file or directory
configure:6519: $? = 1
configure: failed program was:
| /* confdefs.h.  */
| #define PACKAGE_NAME "vktor"
| #define PACKAGE_TARNAME "vktor"
| #define PACKAGE_VERSION "0.1"
| #define PACKAGE_STRING "vktor 0.1"
| #define PACKAGE_BUGREPORT "shahar@prematureoptimization.org"
| #define PACKAGE "vktor"
| #define VERSION "0.1"
| /* end confdefs.h.  */
| #include <ac_nonexistent.h>
configure:6552: result: gcc -E
configure:6581: gcc -E  conftest.c
configure:6588: $? = 0
configure:6619: gcc -E  conftest.c
conftest.c:10:28: error: ac_nonexistent.h: No such file or directory
configure:6626: $? = 1
configure: failed program was:
| /* confdefs.h.  */
| #define PACKAGE_NAME "vktor"
| #define PACKAGE_TARNAME "vktor"
| #define PACKAGE_VERSION "0.1"
| #define PACKAGE_STRING "vktor 0.1"
| #define PACKAGE_BUGREPORT "shahar@prematureoptimization.org"
| #define PACKAGE "vktor"
| #define VERSION "0.1"
| /* end confdefs.h.  */
| #include <ac_nonexistent.h>
configure:6666: checking for ANSI C header files
configure:6696: gcc -c -g -O2  conftest.c >&5
configure:6703: $? = 0
configure:6802: gcc -o conftest -g -O2   conftest.c  >&5
configure:6806: $? = 0
configure:6812: ./conftest
configure:6816: $? = 0
configure:6834: result: yes
configure:6858: checking for sys/types.h
configure:6879: gcc -c -g -O2  conftest.c >&5
configure:6886: $? = 0
configure:6903: result: yes
configure:6858: checking for sys/stat.h
configure:6879: gcc -c -g -O2  conftest.c >&5
configure:6886: $? = 0
configure:6903: result: yes
configure:6858: checking for stdlib.h
configure:6879: gcc -c -g -O2  conftest.c >&5
configure:6886: $? = 0
configure:6903: result: yes
configure:6858: checking for string.h
configure:6879: gcc -c -g -O2  conftest.c >&5
configure:6886: $? = 0
configure:6903: result: yes
configure:6858: checking for memory.h
configure:6879: gcc -c -g -O2  conftest.c >&5
configure:6886: $? = 0
configure:6903: result: yes
configure:6858: checking for strings.h
configure:6879: gcc -c -g -O2  conftest.c >&5
configure:6886: $? = 0
configure:6903: result: yes
configure:6858: checking for inttypes.h
configure:6879: gcc -c -g -O2  conftest.c >&5
configure:6886: $? = 0
configure:6903: result: yes
configure:6858: checking for stdint.h
configure:6879: gcc -c -g -O2  conftest.c >&5
configure:6886: $? = 0
configure:6903: result: yes
configure:6858: checking for unistd.h
configure:6879: gcc -c -g -O2  conftest.c >&5
configure:6886: $? = 0
configure:6903: result: yes
configure:6921: checking for dlfcn.h
configure:6942: gcc -c -g -O2  conftest.c >&5
configure:6949: $? = 0
configure:6966: result: yes
configure:7152: checking for objdir
configure:7167: result: .libs
configure:7459: checking if gcc supports -fno-rtti -fno-exceptions
configure:7477: gcc -c -g -O2  -fno-rtti -fno-exceptions conftest.c >&5
cc1: warning: command line option "-fno-rtti" is valid for C++/ObjC++ but not for C
configure:7481: $? = 0
configure:7494: result: no
configure:7514: checking for gcc option to produce PIC
configure:7786: result: -fPIC -DPIC
configure:7798: checking if gcc PIC flag -fPIC -DPIC works
configure:7816: gcc -c -g -O2  -fPIC -DPIC -DPIC conftest.c >&5
configure:7820: $? = 0
configure:7833: result: yes
configure:7857: checking if gcc static flag -static works
configure:7885: result: yes
configure:7900: checking if gcc supports -c -o file.o
configure:7921: gcc -c -g -O2  -o out/conftest2.o conftest.c >&5
configure:7925: $? = 0
configure:7947: result: yes
configure:7955: checking if gcc supports -c -o file.o
configure:8002: result: yes
configure:8035: checking whether the gcc linker (/usr/i686-pc-linux-gnu/bin/ld) supports shared libraries
configure:9109: result: yes
configure:9146: checking whether -lc should be explicitly linked in
configure:9151: gcc -c -g -O2  conftest.c >&5
configure:9154: $? = 0
configure:9169: gcc -shared conftest.o  -v -Wl,-soname -Wl,conftest -o conftest 2\>\&1 \| /bin/grep  -lc  \>/dev/null 2\>\&1
configure:9172: $? = 0
configure:9184: result: no
configure:9348: checking dynamic linker characteristics
configure:9804: gcc -o conftest -g -O2   -Wl,-rpath -Wl,/foo conftest.c  >&5
configure:9811: $? = 0
configure:10044: result: GNU/Linux ld.so
configure:10146: checking how to hardcode library paths into programs
configure:10171: result: immediate
configure:11004: checking whether stripping libraries is possible
configure:11009: result: yes
configure:11044: checking if libtool supports shared libraries
configure:11046: result: yes
configure:11049: checking whether to build shared libraries
configure:11070: result: yes
configure:11073: checking whether to build static libraries
configure:11077: result: yes
configure:11114: checking for ANSI C header files
configure:11282: result: yes
configure:11297: checking for string.h
configure:11304: result: yes
configure:11445: checking for an ANSI C-conforming const
configure:11520: gcc -c -g -O2  conftest.c >&5
configure:11527: $? = 0
configure:11542: result: yes
configure:11558: checking for strerror
configure:11614: gcc -o conftest -g -O2   conftest.c  >&5
configure:11621: $? = 0
configure:11643: result: yes
configure:11778: creating ./config.status

## ---------------------- ##
## Running config.status. ##
## ---------------------- ##

This file was extended by vktor config.status 0.1, which was
generated by GNU Autoconf 2.63.  Invocation command line was

  CONFIG_FILES    = 
  CONFIG_HEADERS  = 
  CONFIG_LINKS    = 
  CONFIG_COMMANDS = 
  $ ./config.status 

on wintergreen

config.status:971: error: cannot find input file: Makefile.in

## ---------------- ##
## Cache variables. ##
## ---------------- ##

ac_cv_build=i686-pc-linux-gnu
ac_cv_c_compiler_gnu=yes
ac_cv_c_const=yes
ac_cv_env_CC_set=
ac_cv_env_CC_value=
ac_cv_env_CFLAGS_set=
ac_cv_env_CFLAGS_value=
ac_cv_env_CPPFLAGS_set=
ac_cv_env_CPPFLAGS_value=
ac_cv_env_CPP_set=
ac_cv_env_CPP_value=
ac_cv_env_LDFLAGS_set=
ac_cv_env_LDFLAGS_value=
ac_cv_env_LIBS_set=
ac_cv_env_LIBS_value=
ac_cv_env_build_alias_set=
ac_cv_env_build_alias_value=
ac_cv_env_host_alias_set=
ac_cv_env_host_alias_value=
ac_cv_env_target_alias_set=
ac_cv_env_target_alias_value=
ac_cv_func_strerror=yes
ac_cv_header_dlfcn_h=yes
ac_cv_header_inttypes_h=yes
ac_cv_header_memory_h=yes
ac_cv_header_stdc=yes
ac_cv_header_stdint_h=yes
ac_cv_header_stdlib_h=yes
ac_cv_header_string_h=yes
ac_cv_header_strings_h=yes
ac_cv_header_sys_stat_h=yes
ac_cv_header_sys_types_h=yes
ac_cv_header_unistd_h=yes
ac_cv_host=i686-pc-linux-gnu
ac_cv_objext=o
ac_cv_path_EGREP='/bin/grep -E'
ac_cv_path_FGREP='/bin/grep -F'
ac_cv_path_GREP=/bin/grep
ac_cv_path_SED=/usr/bin/sed
ac_cv_path_install='/usr/bin/install -c'
ac_cv_path_mkdir=/bin/mkdir
ac_cv_prog_AWK=gawk
ac_cv_prog_CPP='gcc -E'
ac_cv_prog_ac_ct_AR=ar
ac_cv_prog_ac_ct_CC=gcc
ac_cv_prog_ac_ct_OBJDUMP=objdump
ac_cv_prog_ac_ct_RANLIB=ranlib
ac_cv_prog_ac_ct_STRIP=strip
ac_cv_prog_cc_c89=
ac_cv_prog_cc_g=yes
ac_cv_prog_make_make_set=yes
am_cv_CC_dependencies_compiler_type=gcc3
lt_cv_deplibs_check_method=pass_all
lt_cv_file_magic_cmd='$MAGIC_CMD'
lt_cv_file_magic_test_file=
lt_cv_ld_reload_flag=-r
lt_cv_nm_interface='BSD nm'
lt_cv_objdir=.libs
lt_cv_path_LD=/usr/i686-pc-linux-gnu/bin/ld
lt_cv_path_NM='/usr/bin/nm -B'
lt_cv_prog_compiler_c_o=yes
lt_cv_prog_compiler_pic_works=yes
lt_cv_prog_compiler_rtti_exceptions=no
lt_cv_prog_compiler_static_works=yes
lt_cv_prog_gnu_ld=yes
lt_cv_sys_global_symbol_pipe='sed -n -e '\''s/^.*[	 ]\([ABCDGIRSTW][ABCDGIRSTW]*\)[	 ][	 ]*\([_A-Za-z][_A-Za-z0-9]*\)$/\1 \2 \2/p'\'''
lt_cv_sys_global_symbol_to_c_name_address='sed -n -e '\''s/^: \([^ ]*\) $/  {\"\1\", (void *) 0},/p'\'' -e '\''s/^[ABCDGIRSTW]* \([^ ]*\) \([^ ]*\)$/  {"\2", (void *) \&\2},/p'\'''
lt_cv_sys_global_symbol_to_c_name_address_lib_prefix='sed -n -e '\''s/^: \([^ ]*\) $/  {\"\1\", (void *) 0},/p'\'' -e '\''s/^[ABCDGIRSTW]* \([^ ]*\) \(lib[^ ]*\)$/  {"\2", (void *) \&\2},/p'\'' -e '\''s/^[ABCDGIRSTW]* \([^ ]*\) \([^ ]*\)$/  {"lib\2", (void *) \&\2},/p'\'''
lt_cv_sys_global_symbol_to_cdecl='sed -n -e '\''s/^T .* \(.*\)$/extern int \1();/p'\'' -e '\''s/^[ABCDGIRSTW]* .* \(.*\)$/extern char \1;/p'\'''
lt_cv_sys_max_cmd_len=1572864

## ----------------- ##
## Output variables. ##
## ----------------- ##

ACLOCAL='${SHELL} /home/shahar.e/Code/vktor/build-aux/missing --run aclocal-1.10'
AMDEPBACKSLASH='\'
AMDEP_FALSE='#'
AMDEP_TRUE=''
AMTAR='${SHELL} /home/shahar.e/Code/vktor/build-aux/missing --run tar'
AR='ar'
AUTOCONF='${SHELL} /home/shahar.e/Code/vktor/build-aux/missing --run autoconf'
AUTOHEADER='${SHELL} /home/shahar.e/Code/vktor/build-aux/missing --run autoheader'
AUTOMAKE='${SHELL} /home/shahar.e/Code/vktor/build-aux/missing --run automake-1.10'
AWK='gawk'
CC='gcc'
CCDEPMODE='depmode=gcc3'
CFLAGS='-g -O2'
CPP='gcc -E'
CPPFLAGS=''
CYGPATH_W='echo'
DEFS='-DHAVE_CONFIG_H'
DEPDIR='.deps'
DSYMUTIL=''
DUMPBIN=''
ECHO_C=''
ECHO_N='-n'
ECHO_T=''
EGREP='/bin/grep -E'
EXEEXT=''
FGREP='/bin/grep -F'
GREP='/bin/grep'
INSTALL_DATA='${INSTALL} -m 644'
INSTALL_PROGRAM='${INSTALL}'
INSTALL_SCRIPT='${INSTALL}'
INSTALL_STRIP_PROGRAM='$(install_sh) -c -s'
LD='/usr/i686-pc-linux-gnu/bin/ld'
LDFLAGS=''
LIBOBJS=''
LIBS=''
LIBTOOL='$(SHELL) $(top_builddir)/libtool'
LIPO=''
LN_S='ln -s'
LTLIBOBJS=''
MAKEINFO='${SHELL} /home/shahar.e/Code/vktor/build-aux/missing --run makeinfo'
MKDIR_P='/bin/mkdir -p'
NM='/usr/bin/nm -B'
NMEDIT=''
OBJDUMP='objdump'
OBJEXT='o'
OTOOL64=''
OTOOL=''
PACKAGE='vktor'
PACKAGE_BUGREPORT='shahar@prematureoptimization.org'
PACKAGE_NAME='vktor'
PACKAGE_STRING='vktor 0.1'
PACKAGE_TARNAME='vktor'
PACKAGE_VERSION='0.1'
PATH_SEPARATOR=':'
RANLIB='ranlib'
SED='/usr/bin/sed'
SET_MAKE=''
SHELL='/bin/sh'
STRIP='strip'
VERSION='0.1'
ac_ct_CC='gcc'
ac_ct_DUMPBIN=''
am__fastdepCC_FALSE='#'
am__fastdepCC_TRUE=''
am__include='include'
am__isrc=''
am__leading_dot='.'
am__quote=''
am__tar='${AMTAR} chof - "$$tardir"'
am__untar='${AMTAR} xf -'
bindir='${exec_prefix}/bin'
build='i686-pc-linux-gnu'
build_alias=''
build_cpu='i686'
build_os='linux-gnu'
build_vendor='pc'
datadir='${datarootdir}'
datarootdir='${prefix}/share'
docdir='${datarootdir}/doc/${PACKAGE_TARNAME}'
dvidir='${docdir}'
exec_prefix='${prefix}'
host='i686-pc-linux-gnu'
host_alias=''
host_cpu='i686'
host_os='linux-gnu'
host_vendor='pc'
htmldir='${docdir}'
includedir='${prefix}/include'
infodir='${datarootdir}/info'
install_sh='$(SHELL) /home/shahar.e/Code/vktor/build-aux/install-sh'
libdir='${exec_prefix}/lib'
libexecdir='${exec_prefix}/libexec'
localedir='${datarootdir}/locale'
localstatedir='${prefix}/var'
lt_ECHO='echo'
mandir='${datarootdir}/man'
mkdir_p='/bin/mkdir -p'
oldincludedir='/usr/include'
pdfdir='${docdir}'
prefix='/usr/local'
program_transform_name='s,x,x,'
psdir='${docdir}'
sbindir='${exec_prefix}/sbin'
sharedstatedir='${prefix}/com'
sysconfdir='${prefix}/etc'
target_alias=''

## ----------- ##
## confdefs.h. ##
## ----------- ##

#define PACKAGE_NAME "vktor"
#define PACKAGE_TARNAME "vktor"
#define PACKAGE_VERSION "0.1"
#define PACKAGE_STRING "vktor 0.1"
#define PACKAGE_BUGREPORT "shahar@prematureoptimization.org"
#define PACKAGE "vktor"
#define VERSION "0.1"
#define STDC_HEADERS 1
#define HAVE_SYS_TYPES_H 1
#define HAVE_SYS_STAT_H 1
#define HAVE_STDLIB_H 1
#define HAVE_STRING_H 1
#define HAVE_MEMORY_H 1
#define HAVE_STRINGS_H 1
#define HAVE_INTTYPES_H 1
#define HAVE_STDINT_H 1
#define HAVE_UNISTD_H 1
#define HAVE_DLFCN_H 1
#define LT_OBJDIR ".libs/"
#define STDC_HEADERS 1
#define HAVE_STRING_H 1
#define HAVE_STRERROR 1

configure: exit 1
